<?xml version="1.0" encoding="UTF-8"?>
<!-- Generated by org.testng.reporters.JUnitXMLReporter -->
<testsuite ignored="0" hostname="DESKTOP-31D6EK7" failures="0" tests="2" name="Functional Test" time="14.761" errors="0" timestamp="2022-10-02T00:03:11 IST">
  <testcase classname="PomWithPageFactoryPractice.LoginTest" name="FacebookLoginPage_PositiveTest" time="0.821"/>
  <testcase classname="PomWithPageFactoryPractice.RegistrationTest" name="FacebookRegistrationPageTest_Positive" time="3.708"/>
</testsuite> <!-- Functional Test -->
