<?xml version="1.0" encoding="UTF-8"?>
<!-- Generated by org.testng.reporters.JUnitXMLReporter -->
<testsuite ignored="0" hostname="DESKTOP-31D6EK7" failures="0" tests="3" name="Default test" time="0.122" errors="0" timestamp="2022-10-08T12:19:07 IST">
  <testcase classname="annotationsPractice.Basics" name="login" time="0.015"/>
  <testcase classname="annotationsPractice.Basics" name="homepage" time="0.002"/>
  <testcase classname="annotationsPractice.Basics" name="logout" time="0.003"/>
</testsuite> <!-- Default test -->
