<?xml version="1.0" encoding="UTF-8"?>
<!-- Generated by org.testng.reporters.JUnitXMLReporter -->
<testsuite ignored="0" hostname="DESKTOP-31D6EK7" failures="0" tests="4" name="Test" time="0.062" errors="0" timestamp="2022-09-23T14:45:05 IST">
  <testcase classname="Practices.BeforeSuiteAfterSuite1" name="homepage" time="0.005"/>
  <testcase classname="Practices.BeforeSuiteAfterSuite1" name="notification" time="0.002"/>
  <testcase classname="Practices.BeforeSuiteAfterSuite2" name="profilepage" time="0.004"/>
  <testcase classname="Practices.BeforeSuiteAfterSuite2" name="settings" time="0.009"/>
</testsuite> <!-- Test -->
