<?xml version="1.0" encoding="UTF-8"?>
<!-- Generated by org.testng.reporters.JUnitXMLReporter -->
<testsuite ignored="0" hostname="DESKTOP-31D6EK7" failures="0" tests="4" name="Test1" time="0.177" errors="0" timestamp="2022-09-22T12:14:30 IST">
  <testcase classname="Practices.BeforeTestAfterTestPractice2" name="profilepage" time="0.013"/>
  <testcase classname="Practices.BeforeTestAfterTestPractice2" name="settings" time="0.006"/>
  <testcase classname="Practices.BeforTestAfterTestPractice1" name="homepage" time="0.008"/>
  <testcase classname="Practices.BeforTestAfterTestPractice1" name="notification" time="0.013"/>
</testsuite> <!-- Test1 -->
