<?xml version="1.0" encoding="UTF-8"?>
<!-- Generated by org.testng.reporters.JUnitXMLReporter -->
<testsuite ignored="3" hostname="DESKTOP-31D6EK7" failures="0" tests="6" name="Functional Test" time="0.102" errors="0" timestamp="2022-09-23T16:56:01 IST">
  <testcase classname="TestNgGrouping.TestCase1" name="test2" time="0.006"/>
  <testcase classname="TestNgGrouping.TestCase1" name="test3" time="0.002"/>
  <testcase classname="TestNgGrouping.TestCase2" name="test5" time="0.001"/>
  <testcase classname="TestNgGrouping.TestCase2" name="test6" time="0.007"/>
  <testcase classname="TestNgGrouping.TestCase3" name="test8" time="0.002"/>
  <testcase classname="TestNgGrouping.TestCase3" name="test9" time="0.004"/>
  <testcase classname="TestNgGrouping.TestCase1" name="test1" time="0.0">
    <ignored/>
  </testcase> <!-- test1 -->
  <testcase classname="TestNgGrouping.TestCase3" name="test7" time="0.0">
    <ignored/>
  </testcase> <!-- test7 -->
  <testcase classname="TestNgGrouping.TestCase2" name="test4" time="0.0">
    <ignored/>
  </testcase> <!-- test4 -->
</testsuite> <!-- Functional Test -->
