<?xml version="1.0" encoding="UTF-8"?>
<testng-results ignored="0" total="3" passed="3" failed="0" skipped="0">
  <reporter-output>
  </reporter-output>
  <suite started-at="2022-10-08T12:19:07 IST" name="Default suite" finished-at="2022-10-08T12:19:07 IST" duration-ms="122">
    <groups>
    </groups>
    <test started-at="2022-10-08T12:19:07 IST" name="Default test" finished-at="2022-10-08T12:19:07 IST" duration-ms="122">
      <class name="annotationsPractice.Basics">
        <test-method signature="login()[pri:1, instance:annotationsPractice.Basics@1bb266b3]" started-at="2022-10-08T12:19:07 IST" name="login" finished-at="2022-10-08T12:19:07 IST" duration-ms="15" status="PASS">
          <reporter-output>
          </reporter-output>
        </test-method> <!-- login -->
        <test-method signature="homepage()[pri:2, instance:annotationsPractice.Basics@1bb266b3]" started-at="2022-10-08T12:19:07 IST" name="homepage" finished-at="2022-10-08T12:19:07 IST" duration-ms="2" status="PASS">
          <reporter-output>
          </reporter-output>
        </test-method> <!-- homepage -->
        <test-method signature="logout()[pri:3, instance:annotationsPractice.Basics@1bb266b3]" started-at="2022-10-08T12:19:07 IST" name="logout" finished-at="2022-10-08T12:19:07 IST" duration-ms="3" status="PASS">
          <reporter-output>
          </reporter-output>
        </test-method> <!-- logout -->
      </class> <!-- annotationsPractice.Basics -->
    </test> <!-- Default test -->
  </suite> <!-- Default suite -->
</testng-results>
