<?xml version="1.0" encoding="UTF-8"?>
<!-- Generated by org.testng.reporters.JUnitXMLReporter -->
<testsuite ignored="0" hostname="DESKTOP-31D6EK7" failures="0" tests="6" name=" Chrome Test" time="20.609" errors="0" timestamp="2022-09-28T16:55:11 IST">
  <testcase classname="AssertClassPractice.CrossBrowserTestingExample" name="CrossBrowser" time="6.991"/>
  <testcase classname="AssertClassPractice.CrossBrowserTestingExample" name="VerifyCurrentUrl" time="0.345"/>
  <testcase classname="AssertClassPractice.CrossBrowserTestingExample" name="VerifygetTitle" time="0.113"/>
  <testcase classname="AssertClassPractice.CrossBrowserTestingExample" name="VerifyUsername" time="0.282"/>
  <testcase classname="AssertClassPractice.CrossBrowserTestingExample" name="VerifyPassword" time="0.212"/>
  <testcase classname="AssertClassPractice.CrossBrowserTestingExample" name="VerifyClickOnLogin" time="12.608"/>
</testsuite> <!--  Chrome Test -->
