<?xml version="1.0" encoding="UTF-8"?>
<!-- Generated by org.testng.reporters.JUnitXMLReporter -->
<testsuite ignored="0" hostname="DESKTOP-31D6EK7" failures="0" tests="6" name=" Firefox Test" time="18.245" errors="0" timestamp="2022-09-28T16:55:09 IST">
  <testcase classname="AssertClassPractice.CrossBrowserTestingExample" name="CrossBrowser" time="12.453"/>
  <testcase classname="AssertClassPractice.CrossBrowserTestingExample" name="VerifyCurrentUrl" time="0.02"/>
  <testcase classname="AssertClassPractice.CrossBrowserTestingExample" name="VerifygetTitle" time="0.025"/>
  <testcase classname="AssertClassPractice.CrossBrowserTestingExample" name="VerifyUsername" time="0.17"/>
  <testcase classname="AssertClassPractice.CrossBrowserTestingExample" name="VerifyPassword" time="0.154"/>
  <testcase classname="AssertClassPractice.CrossBrowserTestingExample" name="VerifyClickOnLogin" time="5.36"/>
</testsuite> <!--  Firefox Test -->
